mode: set
github.com/Chorusio/kube-chorus-router/cmd/route/watch.go:37.55,38.55 1 0
github.com/Chorusio/kube-chorus-router/cmd/route/watch.go:38.55,39.65 1 0
github.com/Chorusio/kube-chorus-router/cmd/route/watch.go:39.65,41.18 1 0
github.com/Chorusio/kube-chorus-router/cmd/route/watch.go:45.61,49.48 2 1
github.com/Chorusio/kube-chorus-router/cmd/route/watch.go:60.9,62.15 3 1
github.com/Chorusio/kube-chorus-router/cmd/route/watch.go:49.48,51.18 1 0
github.com/Chorusio/kube-chorus-router/cmd/route/watch.go:52.71,54.18 1 0
github.com/Chorusio/kube-chorus-router/cmd/route/watch.go:55.51,57.18 1 0
github.com/Chorusio/kube-chorus-router/cmd/route/watch.go:65.78,67.34 2 0
github.com/Chorusio/kube-chorus-router/cmd/route/watch.go:67.34,69.10 1 0
github.com/Chorusio/kube-chorus-router/cmd/route/watch.go:73.96,78.23 5 1
github.com/Chorusio/kube-chorus-router/cmd/route/watch.go:81.9,82.75 2 1
github.com/Chorusio/kube-chorus-router/cmd/route/watch.go:85.9,85.44 1 1
github.com/Chorusio/kube-chorus-router/cmd/route/watch.go:90.9,90.34 1 1
github.com/Chorusio/kube-chorus-router/cmd/route/watch.go:78.23,80.10 1 0
github.com/Chorusio/kube-chorus-router/cmd/route/watch.go:82.75,84.10 1 0
github.com/Chorusio/kube-chorus-router/cmd/route/watch.go:85.44,89.10 3 0
github.com/Chorusio/kube-chorus-router/cmd/route/watch.go:94.87,96.2 1 0
github.com/Chorusio/kube-chorus-router/cmd/route/watch.go:97.81,99.34 2 0
github.com/Chorusio/kube-chorus-router/cmd/route/watch.go:102.2,102.8 1 0
github.com/Chorusio/kube-chorus-router/cmd/route/watch.go:99.34,101.10 1 0
github.com/Chorusio/kube-chorus-router/cmd/route/create.go:43.28,47.2 3 1
github.com/Chorusio/kube-chorus-router/cmd/route/create.go:72.63,76.16 4 1
github.com/Chorusio/kube-chorus-router/cmd/route/create.go:85.2,86.16 2 1
github.com/Chorusio/kube-chorus-router/cmd/route/create.go:90.2,92.17 3 1
github.com/Chorusio/kube-chorus-router/cmd/route/create.go:76.16,79.17 3 1
github.com/Chorusio/kube-chorus-router/cmd/route/create.go:79.17,82.4 2 0
github.com/Chorusio/kube-chorus-router/cmd/route/create.go:86.16,89.3 2 0
github.com/Chorusio/kube-chorus-router/cmd/route/create.go:95.67,98.16 3 1
github.com/Chorusio/kube-chorus-router/cmd/route/create.go:106.2,107.35 2 1
github.com/Chorusio/kube-chorus-router/cmd/route/create.go:98.16,101.17 3 1
github.com/Chorusio/kube-chorus-router/cmd/route/create.go:101.17,104.4 2 0
github.com/Chorusio/kube-chorus-router/cmd/route/create.go:110.84,113.16 3 1
github.com/Chorusio/kube-chorus-router/cmd/route/create.go:121.2,122.35 2 1
github.com/Chorusio/kube-chorus-router/cmd/route/create.go:113.16,116.17 3 1
github.com/Chorusio/kube-chorus-router/cmd/route/create.go:116.17,119.4 2 0
github.com/Chorusio/kube-chorus-router/cmd/route/create.go:125.79,130.16 5 1
github.com/Chorusio/kube-chorus-router/cmd/route/create.go:130.16,133.3 2 1
github.com/Chorusio/kube-chorus-router/cmd/route/create.go:133.7,136.3 2 0
github.com/Chorusio/kube-chorus-router/cmd/route/create.go:139.71,168.88 7 1
github.com/Chorusio/kube-chorus-router/cmd/route/create.go:177.2,177.12 1 1
github.com/Chorusio/kube-chorus-router/cmd/route/create.go:168.88,169.38 1 1
github.com/Chorusio/kube-chorus-router/cmd/route/create.go:173.3,173.89 1 1
github.com/Chorusio/kube-chorus-router/cmd/route/create.go:169.38,171.4 1 0
github.com/Chorusio/kube-chorus-router/cmd/route/create.go:173.89,175.4 1 0
github.com/Chorusio/kube-chorus-router/cmd/route/create.go:180.78,199.102 2 1
github.com/Chorusio/kube-chorus-router/cmd/route/create.go:208.2,208.12 1 1
github.com/Chorusio/kube-chorus-router/cmd/route/create.go:199.102,200.38 1 1
github.com/Chorusio/kube-chorus-router/cmd/route/create.go:204.3,204.103 1 1
github.com/Chorusio/kube-chorus-router/cmd/route/create.go:200.38,202.4 1 0
github.com/Chorusio/kube-chorus-router/cmd/route/create.go:204.103,206.4 1 0
github.com/Chorusio/kube-chorus-router/cmd/route/create.go:212.14,225.26 13 1
github.com/Chorusio/kube-chorus-router/cmd/route/create.go:225.26,226.9 1 0
github.com/Chorusio/kube-chorus-router/cmd/route/create.go:231.45,238.19 6 1
github.com/Chorusio/kube-chorus-router/cmd/route/create.go:269.2,269.48 1 1
github.com/Chorusio/kube-chorus-router/cmd/route/create.go:238.19,239.23 1 1
github.com/Chorusio/kube-chorus-router/cmd/route/create.go:239.23,242.4 2 1
github.com/Chorusio/kube-chorus-router/cmd/route/create.go:242.8,244.4 1 1
github.com/Chorusio/kube-chorus-router/cmd/route/create.go:245.7,245.25 1 1
github.com/Chorusio/kube-chorus-router/cmd/route/create.go:245.25,246.23 1 1
github.com/Chorusio/kube-chorus-router/cmd/route/create.go:246.23,249.4 2 1
github.com/Chorusio/kube-chorus-router/cmd/route/create.go:249.8,249.32 1 1
github.com/Chorusio/kube-chorus-router/cmd/route/create.go:249.32,252.4 2 1
github.com/Chorusio/kube-chorus-router/cmd/route/create.go:252.8,254.4 1 1
github.com/Chorusio/kube-chorus-router/cmd/route/create.go:255.7,255.24 1 1
github.com/Chorusio/kube-chorus-router/cmd/route/create.go:255.24,256.23 1 1
github.com/Chorusio/kube-chorus-router/cmd/route/create.go:256.23,259.4 2 1
github.com/Chorusio/kube-chorus-router/cmd/route/create.go:259.8,259.32 1 1
github.com/Chorusio/kube-chorus-router/cmd/route/create.go:259.32,262.4 2 1
github.com/Chorusio/kube-chorus-router/cmd/route/create.go:262.8,262.31 1 1
github.com/Chorusio/kube-chorus-router/cmd/route/create.go:262.31,265.4 2 1
github.com/Chorusio/kube-chorus-router/cmd/route/create.go:265.8,267.4 1 1
github.com/Chorusio/kube-chorus-router/cmd/route/create.go:272.119,276.61 4 1
github.com/Chorusio/kube-chorus-router/cmd/route/create.go:280.9,282.129 3 1
github.com/Chorusio/kube-chorus-router/cmd/route/create.go:287.2,287.28 1 1
github.com/Chorusio/kube-chorus-router/cmd/route/create.go:293.9,341.6 15 1
github.com/Chorusio/kube-chorus-router/cmd/route/create.go:351.2,352.87 2 1
github.com/Chorusio/kube-chorus-router/cmd/route/create.go:355.2,356.102 2 1
github.com/Chorusio/kube-chorus-router/cmd/route/create.go:276.61,279.3 2 0
github.com/Chorusio/kube-chorus-router/cmd/route/create.go:282.129,284.10 1 1
github.com/Chorusio/kube-chorus-router/cmd/route/create.go:284.15,286.10 1 0
github.com/Chorusio/kube-chorus-router/cmd/route/create.go:287.28,290.3 2 0
github.com/Chorusio/kube-chorus-router/cmd/route/create.go:290.7,290.33 1 1
github.com/Chorusio/kube-chorus-router/cmd/route/create.go:290.33,292.3 1 0
github.com/Chorusio/kube-chorus-router/cmd/route/create.go:341.6,343.24 2 1
github.com/Chorusio/kube-chorus-router/cmd/route/create.go:347.3,347.31 1 0
github.com/Chorusio/kube-chorus-router/cmd/route/create.go:343.24,345.9 2 1
github.com/Chorusio/kube-chorus-router/cmd/route/create.go:347.31,348.9 1 0
github.com/Chorusio/kube-chorus-router/cmd/route/create.go:352.87,354.10 1 0
github.com/Chorusio/kube-chorus-router/cmd/route/delete.go:24.90,28.21 4 1
github.com/Chorusio/kube-chorus-router/cmd/route/delete.go:28.21,31.24 3 1
github.com/Chorusio/kube-chorus-router/cmd/route/delete.go:31.24,33.11 1 0
github.com/Chorusio/kube-chorus-router/cmd/route/delete.go:33.15,45.4 11 1
github.com/Chorusio/kube-chorus-router/cmd/route/delete.go:49.14,62.2 11 0
github.com/Chorusio/kube-chorus-router/cmd/route/delete.go:64.64,67.2 2 0
github.com/Chorusio/kube-chorus-router/cmd/route/delete.go:69.56,72.39 3 0
github.com/Chorusio/kube-chorus-router/cmd/route/delete.go:72.39,73.66 1 0
github.com/Chorusio/kube-chorus-router/cmd/route/delete.go:73.66,75.4 1 0
github.com/Chorusio/kube-chorus-router/cmd/route/input.go:47.41,50.23 3 1
github.com/Chorusio/kube-chorus-router/cmd/route/input.go:53.9,53.49 1 1
github.com/Chorusio/kube-chorus-router/cmd/route/input.go:56.9,57.23 2 1
github.com/Chorusio/kube-chorus-router/cmd/route/input.go:60.9,60.51 1 1
github.com/Chorusio/kube-chorus-router/cmd/route/input.go:63.9,64.23 2 1
github.com/Chorusio/kube-chorus-router/cmd/route/input.go:67.9,67.49 1 1
github.com/Chorusio/kube-chorus-router/cmd/route/input.go:70.9,72.23 2 1
github.com/Chorusio/kube-chorus-router/cmd/route/input.go:75.9,75.51 1 1
github.com/Chorusio/kube-chorus-router/cmd/route/input.go:78.9,78.20 1 1
github.com/Chorusio/kube-chorus-router/cmd/route/input.go:50.23,52.10 1 1
github.com/Chorusio/kube-chorus-router/cmd/route/input.go:53.49,55.10 1 1
github.com/Chorusio/kube-chorus-router/cmd/route/input.go:57.23,59.10 1 1
github.com/Chorusio/kube-chorus-router/cmd/route/input.go:60.51,62.10 1 1
github.com/Chorusio/kube-chorus-router/cmd/route/input.go:64.23,66.10 1 1
github.com/Chorusio/kube-chorus-router/cmd/route/input.go:67.49,69.10 1 1
github.com/Chorusio/kube-chorus-router/cmd/route/input.go:72.23,74.10 1 1
github.com/Chorusio/kube-chorus-router/cmd/route/input.go:75.51,77.10 1 1
github.com/Chorusio/kube-chorus-router/cmd/route/input.go:82.54,89.2 6 1
github.com/Chorusio/kube-chorus-router/cmd/route/input.go:92.45,94.25 2 1
github.com/Chorusio/kube-chorus-router/cmd/route/input.go:97.2,97.13 1 1
github.com/Chorusio/kube-chorus-router/cmd/route/input.go:94.25,96.3 1 1
github.com/Chorusio/kube-chorus-router/cmd/route/input.go:100.61,105.2 4 1
github.com/Chorusio/kube-chorus-router/cmd/route/input.go:108.29,142.2 33 1
github.com/Chorusio/kube-chorus-router/cmd/route/input.go:145.36,154.26 9 1
github.com/Chorusio/kube-chorus-router/cmd/route/input.go:179.2,181.27 3 1
github.com/Chorusio/kube-chorus-router/cmd/route/input.go:154.26,162.10 7 1
github.com/Chorusio/kube-chorus-router/cmd/route/input.go:162.15,162.33 1 1
github.com/Chorusio/kube-chorus-router/cmd/route/input.go:162.33,170.10 7 1
github.com/Chorusio/kube-chorus-router/cmd/route/input.go:170.14,170.31 1 1
github.com/Chorusio/kube-chorus-router/cmd/route/input.go:170.31,178.10 7 1
github.com/Chorusio/kube-chorus-router/cmd/route/input.go:184.29,187.34 3 1
github.com/Chorusio/kube-chorus-router/cmd/route/input.go:190.9,192.28 3 1
github.com/Chorusio/kube-chorus-router/cmd/route/input.go:196.2,196.28 1 1
github.com/Chorusio/kube-chorus-router/cmd/route/input.go:242.2,242.22 1 1
github.com/Chorusio/kube-chorus-router/cmd/route/input.go:246.2,248.14 3 1
github.com/Chorusio/kube-chorus-router/cmd/route/input.go:187.34,189.3 1 1
github.com/Chorusio/kube-chorus-router/cmd/route/input.go:192.28,195.3 2 0
github.com/Chorusio/kube-chorus-router/cmd/route/input.go:196.28,198.37 2 1
github.com/Chorusio/kube-chorus-router/cmd/route/input.go:213.3,214.34 2 1
github.com/Chorusio/kube-chorus-router/cmd/route/input.go:218.3,219.39 2 1
github.com/Chorusio/kube-chorus-router/cmd/route/input.go:223.3,224.42 2 1
github.com/Chorusio/kube-chorus-router/cmd/route/input.go:198.37,201.11 2 1
github.com/Chorusio/kube-chorus-router/cmd/route/input.go:201.15,203.40 2 1
github.com/Chorusio/kube-chorus-router/cmd/route/input.go:207.4,207.44 1 1
github.com/Chorusio/kube-chorus-router/cmd/route/input.go:203.40,206.5 2 1
github.com/Chorusio/kube-chorus-router/cmd/route/input.go:207.44,210.5 2 1
github.com/Chorusio/kube-chorus-router/cmd/route/input.go:214.34,217.11 2 1
github.com/Chorusio/kube-chorus-router/cmd/route/input.go:219.39,222.11 2 0
github.com/Chorusio/kube-chorus-router/cmd/route/input.go:224.42,227.11 2 1
github.com/Chorusio/kube-chorus-router/cmd/route/input.go:228.7,228.33 1 0
github.com/Chorusio/kube-chorus-router/cmd/route/input.go:228.33,230.50 2 0
github.com/Chorusio/kube-chorus-router/cmd/route/input.go:230.50,233.11 2 0
github.com/Chorusio/kube-chorus-router/cmd/route/input.go:242.22,244.93 2 1
github.com/Chorusio/kube-chorus-router/cmd/route/ipip.go:17.39,22.2 2 0
github.com/Chorusio/kube-chorus-router/cmd/route/vxlan.go:17.40,22.2 2 0
