mode: set
k8s-route-extender/cmd/route/create.go:49.63,53.16 4 1
k8s-route-extender/cmd/route/create.go:62.2,63.16 2 1
k8s-route-extender/cmd/route/create.go:67.2,69.17 3 1
k8s-route-extender/cmd/route/create.go:53.16,56.17 3 1
k8s-route-extender/cmd/route/create.go:56.17,59.4 2 0
k8s-route-extender/cmd/route/create.go:63.16,66.3 2 0
k8s-route-extender/cmd/route/create.go:72.67,76.16 4 1
k8s-route-extender/cmd/route/create.go:85.2,85.34 1 1
k8s-route-extender/cmd/route/create.go:76.16,79.17 3 1
k8s-route-extender/cmd/route/create.go:79.17,81.4 1 1
k8s-route-extender/cmd/route/create.go:81.8,83.4 1 1
k8s-route-extender/cmd/route/create.go:88.84,92.16 4 1
k8s-route-extender/cmd/route/create.go:101.2,101.34 1 1
k8s-route-extender/cmd/route/create.go:92.16,95.17 3 1
k8s-route-extender/cmd/route/create.go:95.17,97.4 1 1
k8s-route-extender/cmd/route/create.go:97.8,99.4 1 1
k8s-route-extender/cmd/route/create.go:104.79,107.23 3 1
